Build started 12/1/2015 11:39:14 AM.
     1>Project "D:\Work\STC\COMPLETE\Project1_Bus_Fare\QuyHoachDong\QuyHoachDong.vcxproj" on node 2 (build target(s)).
     1>InitializeBuildStatus:
         Creating "Debug\QuyHoachDong.unsuccessfulbuild" because "AlwaysCreate" was specified.
       ClCompile:
         C:\Program Files (x86)\Microsoft Visual Studio 10.0\VC\bin\CL.exe /c /ZI /nologo /W3 /WX- /Od /Oy- /D _MBCS /Gm /EHsc /RTC1 /MDd /GS /fp:precise /Zc:wchar_t /Zc:forScope /Fo"Debug\\" /Fd"Debug\vc100.pdb" /Gd /TP /analyze- /errorReport:prompt Source.cpp
         Source.cpp
     1>d:\work\stc\complete\project1_bus_fare\quyhoachdong\source.cpp(16): warning C4996: 'freopen': This function or variable may be unsafe. Consider using freopen_s instead. To disable deprecation, use _CRT_SECURE_NO_WARNINGS. See online help for details.
                 c:\program files (x86)\microsoft visual studio 10.0\vc\include\stdio.h(249) : see declaration of 'freopen'
     1>d:\work\stc\complete\project1_bus_fare\quyhoachdong\source.cpp(17): warning C4996: 'setbuf': This function or variable may be unsafe. Consider using setvbuf instead. To disable deprecation, use _CRT_SECURE_NO_WARNINGS. See online help for details.
                 c:\program files (x86)\microsoft visual studio 10.0\vc\include\stdio.h(313) : see declaration of 'setbuf'
     1>d:\work\stc\complete\project1_bus_fare\quyhoachdong\source.cpp(19): warning C4996: 'scanf': This function or variable may be unsafe. Consider using scanf_s instead. To disable deprecation, use _CRT_SECURE_NO_WARNINGS. See online help for details.
                 c:\program files (x86)\microsoft visual studio 10.0\vc\include\stdio.h(304) : see declaration of 'scanf'
     1>d:\work\stc\complete\project1_bus_fare\quyhoachdong\source.cpp(24): warning C4996: 'scanf': This function or variable may be unsafe. Consider using scanf_s instead. To disable deprecation, use _CRT_SECURE_NO_WARNINGS. See online help for details.
                 c:\program files (x86)\microsoft visual studio 10.0\vc\include\stdio.h(304) : see declaration of 'scanf'
     1>d:\work\stc\complete\project1_bus_fare\quyhoachdong\source.cpp(25): warning C4996: 'scanf': This function or variable may be unsafe. Consider using scanf_s instead. To disable deprecation, use _CRT_SECURE_NO_WARNINGS. See online help for details.
                 c:\program files (x86)\microsoft visual studio 10.0\vc\include\stdio.h(304) : see declaration of 'scanf'
     1>d:\work\stc\complete\project1_bus_fare\quyhoachdong\source.cpp(14): warning C4101: 'i' : unreferenced local variable
     1>d:\work\stc\complete\project1_bus_fare\quyhoachdong\source.cpp(14): warning C4101: 'j' : unreferenced local variable
     1>d:\work\stc\complete\project1_bus_fare\quyhoachdong\source.cpp(22): warning C4101: 'temp' : unreferenced local variable
       Link:
         C:\Program Files (x86)\Microsoft Visual Studio 10.0\VC\bin\link.exe /ERRORREPORT:PROMPT /OUT:"D:\Work\STC\COMPLETE\Project1_Bus_Fare\Debug\QuyHoachDong.exe" /NOLOGO kernel32.lib user32.lib gdi32.lib winspool.lib comdlg32.lib advapi32.lib shell32.lib ole32.lib oleaut32.lib uuid.lib odbc32.lib odbccp32.lib /MANIFEST /ManifestFile:"Debug\QuyHoachDong.exe.intermediate.manifest" /MANIFESTUAC:"level='asInvoker' uiAccess='false'" /DEBUG /PDB:"D:\Work\STC\COMPLETE\Project1_Bus_Fare\Debug\QuyHoachDong.pdb" /TLBID:1 /DYNAMICBASE /NXCOMPAT /IMPLIB:"D:\Work\STC\COMPLETE\Project1_Bus_Fare\Debug\QuyHoachDong.lib" /MACHINE:X86 Debug\Source.obj
         LINK : D:\Work\STC\COMPLETE\Project1_Bus_Fare\Debug\QuyHoachDong.exe not found or not built by the last incremental link; performing full link
         QuyHoachDong.vcxproj -> D:\Work\STC\COMPLETE\Project1_Bus_Fare\Debug\QuyHoachDong.exe
       Manifest:
         C:\Program Files (x86)\Microsoft SDKs\Windows\v7.0A\bin\mt.exe /nologo /verbose /outputresource:"D:\Work\STC\COMPLETE\Project1_Bus_Fare\Debug\QuyHoachDong.exe;#1" /manifest Debug\QuyHoachDong.exe.intermediate.manifest
       FinalizeBuildStatus:
         Deleting file "Debug\QuyHoachDong.unsuccessfulbuild".
         Touching "Debug\QuyHoachDong.lastbuildstate".
     1>Done Building Project "D:\Work\STC\COMPLETE\Project1_Bus_Fare\QuyHoachDong\QuyHoachDong.vcxproj" (build target(s)).

Build succeeded.

Time Elapsed 00:00:01.42
